[0m16:16:19.769297 [debug] [MainThread]: Sending event: {'category': 'dbt', 'action': 'invocation', 'label': 'start', 'context': [<snowplow_tracker.self_describing_json.SelfDescribingJson object at 0x7fc594d22a40>, <snowplow_tracker.self_describing_json.SelfDescribingJson object at 0x7fc594444af0>, <snowplow_tracker.self_describing_json.SelfDescribingJson object at 0x7fc5943619c0>]}


============================== 16:16:19.773646 | 09741108-6d6f-442f-93ae-37acbb48e419 ==============================
[0m16:16:19.773646 [info ] [MainThread]: Running with dbt=1.6.0
[0m16:16:19.774595 [debug] [MainThread]: running dbt with arguments {'printer_width': '80', 'indirect_selection': 'eager', 'write_json': 'True', 'log_cache_events': 'False', 'partial_parse': 'True', 'cache_selected_only': 'False', 'warn_error': 'None', 'fail_fast': 'False', 'profiles_dir': '/home/aditya/.dbt', 'log_path': 'logs', 'debug': 'False', 'version_check': 'True', 'use_colors': 'True', 'use_experimental_parser': 'False', 'no_print': 'None', 'quiet': 'False', 'warn_error_options': 'WarnErrorOptions(include=[], exclude=[])', 'introspect': 'True', 'invocation_command': 'dbt init', 'static_parser': 'True', 'target_path': 'None', 'log_format': 'default', 'send_anonymous_usage_stats': 'True'}
[0m16:16:19.775377 [warn ] [MainThread]: [ConfigFolderDirectory]: Unable to parse dict {'dir': PosixPath('/home/aditya/.dbt')}
[0m16:16:19.776115 [info ] [MainThread]: Creating dbt configuration folder at 
[0m16:16:46.978502 [debug] [MainThread]: Starter project path: /home/aditya/Coding/Digital Skola/Project 4/project4_env/lib/python3.10/site-packages/dbt/include/starter_project
[0m16:16:46.983512 [info ] [MainThread]: 
Your new dbt project "digitalskola_climate" was created!

For more information on how to configure the profiles.yml file,
please consult the dbt documentation here:

  https://docs.getdbt.com/docs/configure-your-profile

One more thing:

Need help? Don't hesitate to reach out to us via GitHub issues or on Slack:

  https://community.getdbt.com/

Happy modeling!

[0m16:16:46.985350 [info ] [MainThread]: Setting up your profile.
[0m16:27:23.695345 [info ] [MainThread]: Profile digitalskola_climate written to /home/aditya/.dbt/profiles.yml using target's profile_template.yml and your supplied values. Run 'dbt debug' to validate the connection.
[0m16:27:23.697317 [debug] [MainThread]: Command `dbt init` succeeded at 16:27:23.697041 after 663.97 seconds
[0m16:27:23.698280 [debug] [MainThread]: Sending event: {'category': 'dbt', 'action': 'invocation', 'label': 'end', 'context': [<snowplow_tracker.self_describing_json.SelfDescribingJson object at 0x7fc594d22a40>, <snowplow_tracker.self_describing_json.SelfDescribingJson object at 0x7fc593e9bdc0>, <snowplow_tracker.self_describing_json.SelfDescribingJson object at 0x7fc593ea7e20>]}
[0m16:27:23.699901 [debug] [MainThread]: Flushing usage events
